[2025-03-01T20:25:19.099+0000] {local_task_job_runner.py:123} INFO - ::group::Pre task execution logs
[2025-03-01T20:25:19.114+0000] {taskinstance.py:2614} INFO - Dependencies all met for dep_context=non-requeueable deps ti=<TaskInstance: binance_extracao_btcbrl.fetch_klines manual__2025-03-01T20:25:17.418504+00:00 [queued]>
[2025-03-01T20:25:19.121+0000] {taskinstance.py:2614} INFO - Dependencies all met for dep_context=requeueable deps ti=<TaskInstance: binance_extracao_btcbrl.fetch_klines manual__2025-03-01T20:25:17.418504+00:00 [queued]>
[2025-03-01T20:25:19.121+0000] {taskinstance.py:2867} INFO - Starting attempt 1 of 4
[2025-03-01T20:25:19.135+0000] {taskinstance.py:2890} INFO - Executing <Task(_PythonDecoratedOperator): fetch_klines> on 2025-03-01 20:25:17.418504+00:00
[2025-03-01T20:25:19.142+0000] {warnings.py:112} WARNING - /home/***/.local/lib/python3.12/site-packages/***/task/task_runner/standard_task_runner.py:70: DeprecationWarning: This process (pid=232) is multi-threaded, use of fork() may lead to deadlocks in the child.
  pid = os.fork()

[2025-03-01T20:25:19.144+0000] {standard_task_runner.py:72} INFO - Started process 234 to run task
[2025-03-01T20:25:19.144+0000] {standard_task_runner.py:104} INFO - Running: ['***', 'tasks', 'run', 'binance_extracao_btcbrl', 'fetch_klines', 'manual__2025-03-01T20:25:17.418504+00:00', '--job-id', '18', '--raw', '--subdir', 'DAGS_FOLDER/binance_extracao_carga_gcs.py', '--cfg-path', '/tmp/tmpxyuz5n4t']
[2025-03-01T20:25:19.145+0000] {standard_task_runner.py:105} INFO - Job 18: Subtask fetch_klines
[2025-03-01T20:25:19.184+0000] {task_command.py:467} INFO - Running <TaskInstance: binance_extracao_btcbrl.fetch_klines manual__2025-03-01T20:25:17.418504+00:00 [running]> on host 19e5f414cb13
[2025-03-01T20:25:19.247+0000] {taskinstance.py:3134} INFO - Exporting env vars: AIRFLOW_CTX_DAG_OWNER='vitor' AIRFLOW_CTX_DAG_ID='binance_extracao_btcbrl' AIRFLOW_CTX_TASK_ID='fetch_klines' AIRFLOW_CTX_EXECUTION_DATE='2025-03-01T20:25:17.418504+00:00' AIRFLOW_CTX_TRY_NUMBER='1' AIRFLOW_CTX_DAG_RUN_ID='manual__2025-03-01T20:25:17.418504+00:00'
[2025-03-01T20:25:19.248+0000] {taskinstance.py:732} INFO - ::endgroup::
[2025-03-01T20:25:21.319+0000] {python.py:240} INFO - Done. Returned value was: Empty DataFrame
Columns: []
Index: []
[2025-03-01T20:25:21.339+0000] {taskinstance.py:341} INFO - ::group::Post task execution logs
[2025-03-01T20:25:21.340+0000] {taskinstance.py:353} INFO - Marking task as SUCCESS. dag_id=binance_extracao_btcbrl, task_id=fetch_klines, run_id=manual__2025-03-01T20:25:17.418504+00:00, execution_date=20250301T202517, start_date=20250301T202519, end_date=20250301T202521
[2025-03-01T20:25:21.401+0000] {local_task_job_runner.py:266} INFO - Task exited with return code 0
[2025-03-01T20:25:21.418+0000] {taskinstance.py:3901} INFO - 1 downstream tasks scheduled from follow-on schedule check
[2025-03-01T20:25:21.421+0000] {local_task_job_runner.py:245} INFO - ::endgroup::
