[2025-03-01T20:52:17.485+0000] {local_task_job_runner.py:123} INFO - ::group::Pre task execution logs
[2025-03-01T20:52:17.496+0000] {taskinstance.py:2614} INFO - Dependencies all met for dep_context=non-requeueable deps ti=<TaskInstance: binance_extracao_btcbrl.fetch_and_save_klines manual__2025-03-01T20:52:16.119031+00:00 [queued]>
[2025-03-01T20:52:17.502+0000] {taskinstance.py:2614} INFO - Dependencies all met for dep_context=requeueable deps ti=<TaskInstance: binance_extracao_btcbrl.fetch_and_save_klines manual__2025-03-01T20:52:16.119031+00:00 [queued]>
[2025-03-01T20:52:17.502+0000] {taskinstance.py:2867} INFO - Starting attempt 1 of 4
[2025-03-01T20:52:17.511+0000] {taskinstance.py:2890} INFO - Executing <Task(_PythonDecoratedOperator): fetch_and_save_klines> on 2025-03-01 20:52:16.119031+00:00
[2025-03-01T20:52:17.519+0000] {warnings.py:112} WARNING - /home/***/.local/lib/python3.12/site-packages/***/task/task_runner/standard_task_runner.py:70: DeprecationWarning: This process (pid=588) is multi-threaded, use of fork() may lead to deadlocks in the child.
  pid = os.fork()

[2025-03-01T20:52:17.520+0000] {standard_task_runner.py:72} INFO - Started process 590 to run task
[2025-03-01T20:52:17.519+0000] {standard_task_runner.py:104} INFO - Running: ['***', 'tasks', 'run', 'binance_extracao_btcbrl', 'fetch_and_save_klines', 'manual__2025-03-01T20:52:16.119031+00:00', '--job-id', '20', '--raw', '--subdir', 'DAGS_FOLDER/binance_extracao_carga_gcs.py', '--cfg-path', '/tmp/tmpo9l7c_sp']
[2025-03-01T20:52:17.521+0000] {standard_task_runner.py:105} INFO - Job 20: Subtask fetch_and_save_klines
[2025-03-01T20:52:17.555+0000] {task_command.py:467} INFO - Running <TaskInstance: binance_extracao_btcbrl.fetch_and_save_klines manual__2025-03-01T20:52:16.119031+00:00 [running]> on host 19e5f414cb13
[2025-03-01T20:52:17.615+0000] {taskinstance.py:3134} INFO - Exporting env vars: AIRFLOW_CTX_DAG_OWNER='vitor' AIRFLOW_CTX_DAG_ID='binance_extracao_btcbrl' AIRFLOW_CTX_TASK_ID='fetch_and_save_klines' AIRFLOW_CTX_EXECUTION_DATE='2025-03-01T20:52:16.119031+00:00' AIRFLOW_CTX_TRY_NUMBER='1' AIRFLOW_CTX_DAG_RUN_ID='manual__2025-03-01T20:52:16.119031+00:00'
[2025-03-01T20:52:17.616+0000] {taskinstance.py:732} INFO - ::endgroup::
[2025-03-01T20:52:19.566+0000] {logging_mixin.py:190} INFO - Parquet salvo em: gs://binance-api/binance_klines/BTCBRL/2021/01/binance_klines_BTCBRL_2021-01-01_parte-1.parquet
[2025-03-01T20:52:21.780+0000] {logging_mixin.py:190} INFO - Parquet salvo em: gs://binance-api/binance_klines/BTCBRL/2021/01/binance_klines_BTCBRL_2021-01-01_parte-2.parquet
[2025-03-01T20:52:24.046+0000] {logging_mixin.py:190} INFO - Parquet salvo em: gs://binance-api/binance_klines/BTCBRL/2021/01/binance_klines_BTCBRL_2021-01-02_parte-1.parquet
[2025-03-01T20:52:29.902+0000] {logging_mixin.py:190} INFO - Parquet salvo em: gs://binance-api/binance_klines/BTCBRL/2021/01/binance_klines_BTCBRL_2021-01-02_parte-2.parquet
[2025-03-01T20:52:32.157+0000] {logging_mixin.py:190} INFO - Parquet salvo em: gs://binance-api/binance_klines/BTCBRL/2021/01/binance_klines_BTCBRL_2021-01-03_parte-1.parquet
[2025-03-01T20:52:34.408+0000] {logging_mixin.py:190} INFO - Parquet salvo em: gs://binance-api/binance_klines/BTCBRL/2021/01/binance_klines_BTCBRL_2021-01-03_parte-2.parquet
[2025-03-01T20:52:36.717+0000] {logging_mixin.py:190} INFO - Parquet salvo em: gs://binance-api/binance_klines/BTCBRL/2021/01/binance_klines_BTCBRL_2021-01-04_parte-1.parquet
[2025-03-01T20:52:39.138+0000] {logging_mixin.py:190} INFO - Parquet salvo em: gs://binance-api/binance_klines/BTCBRL/2021/01/binance_klines_BTCBRL_2021-01-04_parte-2.parquet
[2025-03-01T20:52:40.138+0000] {logging_mixin.py:190} INFO - Extração e salvamento concluídos para BTCBRL.
[2025-03-01T20:52:40.139+0000] {python.py:240} INFO - Done. Returned value was: None
[2025-03-01T20:52:40.147+0000] {taskinstance.py:341} INFO - ::group::Post task execution logs
[2025-03-01T20:52:40.147+0000] {taskinstance.py:353} INFO - Marking task as SUCCESS. dag_id=binance_extracao_btcbrl, task_id=fetch_and_save_klines, run_id=manual__2025-03-01T20:52:16.119031+00:00, execution_date=20250301T205216, start_date=20250301T205217, end_date=20250301T205240
[2025-03-01T20:52:40.187+0000] {local_task_job_runner.py:266} INFO - Task exited with return code 0
[2025-03-01T20:52:40.197+0000] {taskinstance.py:3901} INFO - 0 downstream tasks scheduled from follow-on schedule check
[2025-03-01T20:52:40.199+0000] {local_task_job_runner.py:245} INFO - ::endgroup::
