[2025-03-01T20:18:38.098+0000] {local_task_job_runner.py:123} INFO - ::group::Pre task execution logs
[2025-03-01T20:18:38.110+0000] {taskinstance.py:2614} INFO - Dependencies all met for dep_context=non-requeueable deps ti=<TaskInstance: binance_extracao_btcbrl.fetch_klines manual__2025-03-01T20:13:33.983177+00:00 [queued]>
[2025-03-01T20:18:38.116+0000] {taskinstance.py:2614} INFO - Dependencies all met for dep_context=requeueable deps ti=<TaskInstance: binance_extracao_btcbrl.fetch_klines manual__2025-03-01T20:13:33.983177+00:00 [queued]>
[2025-03-01T20:18:38.116+0000] {taskinstance.py:2867} INFO - Starting attempt 2 of 4
[2025-03-01T20:18:38.127+0000] {taskinstance.py:2890} INFO - Executing <Task(_PythonDecoratedOperator): fetch_klines> on 2025-03-01 20:13:33.983177+00:00
[2025-03-01T20:18:38.133+0000] {warnings.py:112} WARNING - /home/***/.local/lib/python3.12/site-packages/***/task/task_runner/standard_task_runner.py:70: DeprecationWarning: This process (pid=75) is multi-threaded, use of fork() may lead to deadlocks in the child.
  pid = os.fork()

[2025-03-01T20:18:38.135+0000] {standard_task_runner.py:72} INFO - Started process 77 to run task
[2025-03-01T20:18:38.135+0000] {standard_task_runner.py:104} INFO - Running: ['***', 'tasks', 'run', 'binance_extracao_btcbrl', 'fetch_klines', 'manual__2025-03-01T20:13:33.983177+00:00', '--job-id', '12', '--raw', '--subdir', 'DAGS_FOLDER/binance_extracao_carga_gcs.py', '--cfg-path', '/tmp/tmp_d8g4uq0']
[2025-03-01T20:18:38.137+0000] {standard_task_runner.py:105} INFO - Job 12: Subtask fetch_klines
[2025-03-01T20:18:38.174+0000] {task_command.py:467} INFO - Running <TaskInstance: binance_extracao_btcbrl.fetch_klines manual__2025-03-01T20:13:33.983177+00:00 [running]> on host 19e5f414cb13
[2025-03-01T20:18:38.234+0000] {taskinstance.py:3134} INFO - Exporting env vars: AIRFLOW_CTX_DAG_OWNER='vitor' AIRFLOW_CTX_DAG_ID='binance_extracao_btcbrl' AIRFLOW_CTX_TASK_ID='fetch_klines' AIRFLOW_CTX_EXECUTION_DATE='2025-03-01T20:13:33.983177+00:00' AIRFLOW_CTX_TRY_NUMBER='2' AIRFLOW_CTX_DAG_RUN_ID='manual__2025-03-01T20:13:33.983177+00:00'
[2025-03-01T20:18:38.235+0000] {taskinstance.py:732} INFO - ::endgroup::
[2025-03-01T20:18:41.075+0000] {python.py:240} INFO - Done. Returned value was:           open_time  ... taker_buy_quote_asset_volume
0     1609459200000  ...                 384.09345600
1     1609459260000  ...                 637.67325600
2     1609459320000  ...                 591.33835000
3     1609459380000  ...                   0.00000000
4     1609459440000  ...                 786.54874200
...             ...  ...                          ...
5755  1609804500000  ...                2339.70363200
5756  1609804560000  ...                3121.75776400
5757  1609804620000  ...                1093.26979800
5758  1609804680000  ...               17139.16695200
5759  1609804740000  ...               77228.77560000

[5760 rows x 11 columns]
[2025-03-01T20:18:41.221+0000] {taskinstance.py:341} INFO - ::group::Post task execution logs
[2025-03-01T20:18:41.221+0000] {taskinstance.py:353} INFO - Marking task as SUCCESS. dag_id=binance_extracao_btcbrl, task_id=fetch_klines, run_id=manual__2025-03-01T20:13:33.983177+00:00, execution_date=20250301T201333, start_date=20250301T201838, end_date=20250301T201841
[2025-03-01T20:18:41.275+0000] {local_task_job_runner.py:266} INFO - Task exited with return code 0
[2025-03-01T20:18:41.292+0000] {taskinstance.py:3901} INFO - 1 downstream tasks scheduled from follow-on schedule check
[2025-03-01T20:18:41.293+0000] {local_task_job_runner.py:245} INFO - ::endgroup::
