[2025-03-01T20:19:03.125+0000] {local_task_job_runner.py:123} INFO - ::group::Pre task execution logs
[2025-03-01T20:19:03.135+0000] {taskinstance.py:2614} INFO - Dependencies all met for dep_context=non-requeueable deps ti=<TaskInstance: binance_extracao_btcbrl.fetch_klines manual__2025-03-01T20:08:55.225890+00:00 [queued]>
[2025-03-01T20:19:03.140+0000] {taskinstance.py:2614} INFO - Dependencies all met for dep_context=requeueable deps ti=<TaskInstance: binance_extracao_btcbrl.fetch_klines manual__2025-03-01T20:08:55.225890+00:00 [queued]>
[2025-03-01T20:19:03.140+0000] {taskinstance.py:2867} INFO - Starting attempt 3 of 4
[2025-03-01T20:19:03.150+0000] {taskinstance.py:2890} INFO - Executing <Task(_PythonDecoratedOperator): fetch_klines> on 2025-03-01 20:08:55.225890+00:00
[2025-03-01T20:19:03.156+0000] {warnings.py:112} WARNING - /home/***/.local/lib/python3.12/site-packages/***/task/task_runner/standard_task_runner.py:70: DeprecationWarning: This process (pid=104) is multi-threaded, use of fork() may lead to deadlocks in the child.
  pid = os.fork()

[2025-03-01T20:19:03.158+0000] {standard_task_runner.py:72} INFO - Started process 109 to run task
[2025-03-01T20:19:03.159+0000] {standard_task_runner.py:104} INFO - Running: ['***', 'tasks', 'run', 'binance_extracao_btcbrl', 'fetch_klines', 'manual__2025-03-01T20:08:55.225890+00:00', '--job-id', '15', '--raw', '--subdir', 'DAGS_FOLDER/binance_extracao_carga_gcs.py', '--cfg-path', '/tmp/tmpi7rufm7l']
[2025-03-01T20:19:03.161+0000] {standard_task_runner.py:105} INFO - Job 15: Subtask fetch_klines
[2025-03-01T20:19:03.193+0000] {task_command.py:467} INFO - Running <TaskInstance: binance_extracao_btcbrl.fetch_klines manual__2025-03-01T20:08:55.225890+00:00 [running]> on host 19e5f414cb13
[2025-03-01T20:19:03.245+0000] {taskinstance.py:3134} INFO - Exporting env vars: AIRFLOW_CTX_DAG_OWNER='vitor' AIRFLOW_CTX_DAG_ID='binance_extracao_btcbrl' AIRFLOW_CTX_TASK_ID='fetch_klines' AIRFLOW_CTX_EXECUTION_DATE='2025-03-01T20:08:55.225890+00:00' AIRFLOW_CTX_TRY_NUMBER='3' AIRFLOW_CTX_DAG_RUN_ID='manual__2025-03-01T20:08:55.225890+00:00'
[2025-03-01T20:19:03.246+0000] {taskinstance.py:732} INFO - ::endgroup::
[2025-03-01T20:19:05.768+0000] {python.py:240} INFO - Done. Returned value was: Empty DataFrame
Columns: []
Index: []
[2025-03-01T20:19:05.785+0000] {taskinstance.py:341} INFO - ::group::Post task execution logs
[2025-03-01T20:19:05.785+0000] {taskinstance.py:353} INFO - Marking task as SUCCESS. dag_id=binance_extracao_btcbrl, task_id=fetch_klines, run_id=manual__2025-03-01T20:08:55.225890+00:00, execution_date=20250301T200855, start_date=20250301T201903, end_date=20250301T201905
[2025-03-01T20:19:05.816+0000] {local_task_job_runner.py:266} INFO - Task exited with return code 0
[2025-03-01T20:19:05.833+0000] {taskinstance.py:3901} INFO - 1 downstream tasks scheduled from follow-on schedule check
[2025-03-01T20:19:05.834+0000] {local_task_job_runner.py:245} INFO - ::endgroup::
