[2025-03-01T20:19:07.259+0000] {local_task_job_runner.py:123} INFO - ::group::Pre task execution logs
[2025-03-01T20:19:07.273+0000] {taskinstance.py:2614} INFO - Dependencies all met for dep_context=non-requeueable deps ti=<TaskInstance: binance_extracao_btcbrl.save_to_gcs scheduled__2025-02-25T00:00:00+00:00 [queued]>
[2025-03-01T20:19:07.279+0000] {taskinstance.py:2614} INFO - Dependencies all met for dep_context=requeueable deps ti=<TaskInstance: binance_extracao_btcbrl.save_to_gcs scheduled__2025-02-25T00:00:00+00:00 [queued]>
[2025-03-01T20:19:07.280+0000] {taskinstance.py:2867} INFO - Starting attempt 1 of 4
[2025-03-01T20:19:07.288+0000] {taskinstance.py:2890} INFO - Executing <Task(_PythonDecoratedOperator): save_to_gcs> on 2025-02-25 00:00:00+00:00
[2025-03-01T20:19:07.294+0000] {warnings.py:112} WARNING - /home/***/.local/lib/python3.12/site-packages/***/task/task_runner/standard_task_runner.py:70: DeprecationWarning: This process (pid=142) is multi-threaded, use of fork() may lead to deadlocks in the child.
  pid = os.fork()

[2025-03-01T20:19:07.295+0000] {standard_task_runner.py:72} INFO - Started process 145 to run task
[2025-03-01T20:19:07.296+0000] {standard_task_runner.py:104} INFO - Running: ['***', 'tasks', 'run', 'binance_extracao_btcbrl', 'save_to_gcs', 'scheduled__2025-02-25T00:00:00+00:00', '--job-id', '16', '--raw', '--subdir', 'DAGS_FOLDER/binance_extracao_carga_gcs.py', '--cfg-path', '/tmp/tmp_jvpgy_p']
[2025-03-01T20:19:07.298+0000] {standard_task_runner.py:105} INFO - Job 16: Subtask save_to_gcs
[2025-03-01T20:19:07.326+0000] {task_command.py:467} INFO - Running <TaskInstance: binance_extracao_btcbrl.save_to_gcs scheduled__2025-02-25T00:00:00+00:00 [running]> on host 19e5f414cb13
[2025-03-01T20:19:07.403+0000] {taskinstance.py:3134} INFO - Exporting env vars: AIRFLOW_CTX_DAG_OWNER='vitor' AIRFLOW_CTX_DAG_ID='binance_extracao_btcbrl' AIRFLOW_CTX_TASK_ID='save_to_gcs' AIRFLOW_CTX_EXECUTION_DATE='2025-02-25T00:00:00+00:00' AIRFLOW_CTX_TRY_NUMBER='1' AIRFLOW_CTX_DAG_RUN_ID='scheduled__2025-02-25T00:00:00+00:00'
[2025-03-01T20:19:07.403+0000] {taskinstance.py:732} INFO - ::endgroup::
[2025-03-01T20:19:07.405+0000] {logging_mixin.py:190} INFO - Nenhum dado para salvar para BTCBRL.
[2025-03-01T20:19:07.405+0000] {python.py:240} INFO - Done. Returned value was: None
[2025-03-01T20:19:07.411+0000] {taskinstance.py:341} INFO - ::group::Post task execution logs
[2025-03-01T20:19:07.411+0000] {taskinstance.py:353} INFO - Marking task as SUCCESS. dag_id=binance_extracao_btcbrl, task_id=save_to_gcs, run_id=scheduled__2025-02-25T00:00:00+00:00, execution_date=20250225T000000, start_date=20250301T201907, end_date=20250301T201907
[2025-03-01T20:19:07.468+0000] {local_task_job_runner.py:266} INFO - Task exited with return code 0
[2025-03-01T20:19:07.480+0000] {taskinstance.py:3901} INFO - 0 downstream tasks scheduled from follow-on schedule check
[2025-03-01T20:19:07.482+0000] {local_task_job_runner.py:245} INFO - ::endgroup::
