[2025-03-01T20:18:42.039+0000] {local_task_job_runner.py:123} INFO - ::group::Pre task execution logs
[2025-03-01T20:18:42.054+0000] {taskinstance.py:2614} INFO - Dependencies all met for dep_context=non-requeueable deps ti=<TaskInstance: binance_extracao_btcbrl.save_to_gcs manual__2025-03-01T20:13:33.983177+00:00 [queued]>
[2025-03-01T20:18:42.060+0000] {taskinstance.py:2614} INFO - Dependencies all met for dep_context=requeueable deps ti=<TaskInstance: binance_extracao_btcbrl.save_to_gcs manual__2025-03-01T20:13:33.983177+00:00 [queued]>
[2025-03-01T20:18:42.060+0000] {taskinstance.py:2867} INFO - Starting attempt 1 of 4
[2025-03-01T20:18:42.068+0000] {taskinstance.py:2890} INFO - Executing <Task(_PythonDecoratedOperator): save_to_gcs> on 2025-03-01 20:13:33.983177+00:00
[2025-03-01T20:18:42.074+0000] {warnings.py:112} WARNING - /home/***/.local/lib/python3.12/site-packages/***/task/task_runner/standard_task_runner.py:70: DeprecationWarning: This process (pid=83) is multi-threaded, use of fork() may lead to deadlocks in the child.
  pid = os.fork()

[2025-03-01T20:18:42.075+0000] {standard_task_runner.py:72} INFO - Started process 85 to run task
[2025-03-01T20:18:42.076+0000] {standard_task_runner.py:104} INFO - Running: ['***', 'tasks', 'run', 'binance_extracao_btcbrl', 'save_to_gcs', 'manual__2025-03-01T20:13:33.983177+00:00', '--job-id', '13', '--raw', '--subdir', 'DAGS_FOLDER/binance_extracao_carga_gcs.py', '--cfg-path', '/tmp/tmp8way0x49']
[2025-03-01T20:18:42.078+0000] {standard_task_runner.py:105} INFO - Job 13: Subtask save_to_gcs
[2025-03-01T20:18:42.113+0000] {task_command.py:467} INFO - Running <TaskInstance: binance_extracao_btcbrl.save_to_gcs manual__2025-03-01T20:13:33.983177+00:00 [running]> on host 19e5f414cb13
[2025-03-01T20:18:42.262+0000] {taskinstance.py:3134} INFO - Exporting env vars: AIRFLOW_CTX_DAG_OWNER='vitor' AIRFLOW_CTX_DAG_ID='binance_extracao_btcbrl' AIRFLOW_CTX_TASK_ID='save_to_gcs' AIRFLOW_CTX_EXECUTION_DATE='2025-03-01T20:13:33.983177+00:00' AIRFLOW_CTX_TRY_NUMBER='1' AIRFLOW_CTX_DAG_RUN_ID='manual__2025-03-01T20:13:33.983177+00:00'
[2025-03-01T20:18:42.263+0000] {taskinstance.py:732} INFO - ::endgroup::
[2025-03-01T20:18:44.067+0000] {logging_mixin.py:190} INFO - Parquet salvo em: gs://binance-api/binance_klines/BTCBRL/2021/01/binance_klines_BTCBRL_2021-01-01_parte-1.parquet
[2025-03-01T20:18:44.068+0000] {python.py:240} INFO - Done. Returned value was: gs://binance-api/binance_klines/BTCBRL/2021/01/binance_klines_BTCBRL_2021-01-01_parte-1.parquet
[2025-03-01T20:18:44.085+0000] {taskinstance.py:341} INFO - ::group::Post task execution logs
[2025-03-01T20:18:44.085+0000] {taskinstance.py:353} INFO - Marking task as SUCCESS. dag_id=binance_extracao_btcbrl, task_id=save_to_gcs, run_id=manual__2025-03-01T20:13:33.983177+00:00, execution_date=20250301T201333, start_date=20250301T201842, end_date=20250301T201844
[2025-03-01T20:18:44.133+0000] {local_task_job_runner.py:266} INFO - Task exited with return code 0
[2025-03-01T20:18:44.145+0000] {taskinstance.py:3901} INFO - 0 downstream tasks scheduled from follow-on schedule check
[2025-03-01T20:18:44.146+0000] {local_task_job_runner.py:245} INFO - ::endgroup::
